<?xml version="1.0" encoding="UTF-8"?>
<testsuite name="com.fesi6.team1.study_group.StudyGroupApplicationTests" tests="1" skipped="0" failures="0" errors="0" timestamp="2025-01-02T07:04:56" hostname="BOOK-GV6LSPNGG0" time="0.592">
  <properties/>
  <testcase name="contextLoads()" classname="com.fesi6.team1.study_group.StudyGroupApplicationTests" time="0.592"/>
  <system-out><![CDATA[16:04:46.729 [Test worker] INFO org.springframework.test.context.support.AnnotationConfigContextLoaderUtils -- Could not detect default configuration classes for test class [com.fesi6.team1.study_group.StudyGroupApplicationTests]: StudyGroupApplicationTests does not declare any static, non-private, non-final, nested classes annotated with @Configuration.
16:04:46.874 [Test worker] INFO org.springframework.boot.test.context.SpringBootTestContextBootstrapper -- Found @SpringBootConfiguration com.fesi6.team1.study_group.StudyGroupApplication for test class com.fesi6.team1.study_group.StudyGroupApplicationTests

  .   ____          _            __ _ _
 /\\ / ___'_ __ _ _(_)_ __  __ _ \ \ \ \
( ( )\___ | '_ | '_| | '_ \/ _` | \ \ \ \
 \\/  ___)| |_)| | | | | || (_| |  ) ) ) )
  '  |____| .__|_| |_|_| |_\__, | / / / /
 =========|_|==============|___/=/_/_/_/

 :: Spring Boot ::                (v3.4.1)

2025-01-02T16:04:47.321+09:00  INFO 11424 --- [study-group] [    Test worker] c.f.t.s.StudyGroupApplicationTests       : Starting StudyGroupApplicationTests using Java 17.0.10 with PID 11424 (started by 82107 in C:\Users\82107\Downloads\project\FESI6\study-group\study-group)
2025-01-02T16:04:47.321+09:00  INFO 11424 --- [study-group] [    Test worker] c.f.t.s.StudyGroupApplicationTests       : No active profile set, falling back to 1 default profile: "default"
2025-01-02T16:04:48.223+09:00  INFO 11424 --- [study-group] [    Test worker] .s.d.r.c.RepositoryConfigurationDelegate : Bootstrapping Spring Data JPA repositories in DEFAULT mode.
2025-01-02T16:04:48.288+09:00  INFO 11424 --- [study-group] [    Test worker] .s.d.r.c.RepositoryConfigurationDelegate : Finished Spring Data repository scanning in 56 ms. Found 1 JPA repository interface.
2025-01-02T16:04:48.867+09:00  INFO 11424 --- [study-group] [    Test worker] o.hibernate.jpa.internal.util.LogHelper  : HHH000204: Processing PersistenceUnitInfo [name: default]
2025-01-02T16:04:48.932+09:00  INFO 11424 --- [study-group] [    Test worker] org.hibernate.Version                    : HHH000412: Hibernate ORM core version 6.6.4.Final
2025-01-02T16:04:48.965+09:00  INFO 11424 --- [study-group] [    Test worker] o.h.c.internal.RegionFactoryInitiator    : HHH000026: Second-level cache disabled
2025-01-02T16:04:49.381+09:00  INFO 11424 --- [study-group] [    Test worker] o.s.o.j.p.SpringPersistenceUnitInfo      : No LoadTimeWeaver setup: ignoring JPA class transformer
2025-01-02T16:04:49.410+09:00  INFO 11424 --- [study-group] [    Test worker] com.zaxxer.hikari.HikariDataSource       : HikariPool-1 - Starting...
2025-01-02T16:04:52.889+09:00  INFO 11424 --- [study-group] [    Test worker] com.zaxxer.hikari.pool.HikariPool        : HikariPool-1 - Added connection com.mysql.cj.jdbc.ConnectionImpl@2833c093
2025-01-02T16:04:52.896+09:00  INFO 11424 --- [study-group] [    Test worker] com.zaxxer.hikari.HikariDataSource       : HikariPool-1 - Start completed.
2025-01-02T16:04:53.132+09:00  WARN 11424 --- [study-group] [    Test worker] org.hibernate.orm.deprecation            : HHH90000025: MySQL8Dialect does not need to be specified explicitly using 'hibernate.dialect' (remove the property setting and it will be selected by default)
2025-01-02T16:04:53.132+09:00  WARN 11424 --- [study-group] [    Test worker] org.hibernate.orm.deprecation            : HHH90000026: MySQL8Dialect has been deprecated; use org.hibernate.dialect.MySQLDialect instead
2025-01-02T16:04:53.156+09:00  INFO 11424 --- [study-group] [    Test worker] org.hibernate.orm.connections.pooling    : HHH10001005: Database info:
	Database JDBC URL [Connecting through datasource 'HikariDataSource (HikariPool-1)']
	Database driver: undefined/unknown
	Database version: 8.0
	Autocommit mode: undefined/unknown
	Isolation level: undefined/unknown
	Minimum pool size: undefined/unknown
	Maximum pool size: undefined/unknown
2025-01-02T16:04:53.907+09:00  INFO 11424 --- [study-group] [    Test worker] o.h.e.t.j.p.i.JtaPlatformInitiator       : HHH000489: No JTA platform available (set 'hibernate.transaction.jta.platform' to enable JTA platform integration)
2025-01-02T16:04:54.622+09:00  INFO 11424 --- [study-group] [    Test worker] j.LocalContainerEntityManagerFactoryBean : Initialized JPA EntityManagerFactory for persistence unit 'default'
2025-01-02T16:04:55.217+09:00  WARN 11424 --- [study-group] [    Test worker] JpaBaseConfiguration$JpaWebConfiguration : spring.jpa.open-in-view is enabled by default. Therefore, database queries may be performed during view rendering. Explicitly configure spring.jpa.open-in-view to disable this warning
2025-01-02T16:04:56.228+09:00  INFO 11424 --- [study-group] [    Test worker] c.f.t.s.StudyGroupApplicationTests       : Started StudyGroupApplicationTests in 9.19 seconds (process running for 10.677)
]]></system-out>
  <system-err><![CDATA[]]></system-err>
</testsuite>
